<?xml version="1.0" encoding="UTF-8"?>
<testsuite xmlns:xsi="http://www.w3.org/2001/XMLSchema-instance" xsi:noNamespaceSchemaLocation="https://maven.apache.org/surefire/maven-surefire-plugin/xsd/surefire-test-report.xsd" version="3.0.2" name="TestSuite" time="22.405" tests="2" errors="0" skipped="0" failures="0">
  <properties>
[...]
</properties>
  <testcase name="verify_account_registration" classname="testCases.TC001_AccountRegistrationTest" time="4.029">
    <system-out><![CDATA[2024-12-25T17:46:11.823528900Z main INFO Starting configuration XmlConfiguration[location=C:\Users\Rishu Saini\eclipse-workspace\OpencartV121\target\test-classes\log4j2.xml, lastModified=2024-12-22T13:46:39.378Z]...
2024-12-25T17:46:11.825538600Z main INFO Start watching for changes to C:\Users\Rishu Saini\eclipse-workspace\OpencartV121\target\test-classes\log4j2.xml every 0 seconds
2024-12-25T17:46:11.828587700Z main INFO Configuration XmlConfiguration[location=C:\Users\Rishu Saini\eclipse-workspace\OpencartV121\target\test-classes\log4j2.xml, lastModified=2024-12-22T13:46:39.378Z] started.
2024-12-25T17:46:11.831183600Z main INFO Stopping configuration org.apache.logging.log4j.core.config.DefaultConfiguration@35ef1869...
2024-12-25T17:46:11.831183600Z main INFO Configuration org.apache.logging.log4j.core.config.DefaultConfiguration@35ef1869 stopped.
]]></system-out>
    <system-err><![CDATA[Dec 25, 2024 11:16:12 PM org.openqa.selenium.remote.tracing.opentelemetry.OpenTelemetryTracer createTracer
INFO: Using OpenTelemetry for tracing
]]></system-err>
  </testcase>
  <testcase name="test_Login" classname="testCases.TC_002_LoginTest" time="2.663"/>
</testsuite>